2026-07-11 17:33:22,054 | INFO | Configuration loaded successfully.
2026-07-11 17:36:06,207 | INFO | Configuration loaded successfully.
2026-07-11 17:48:36,840 | INFO | Configuration loaded successfully.
2026-07-11 18:00:36,897 | INFO | Starting preprocessing...
2026-07-11 18:00:37,023 | INFO | Removed 55 duplicate rows.
2026-07-11 18:00:37,144 | INFO | Missing values handled.
2026-07-11 18:00:37,209 | INFO | Datetime detection complete.
2026-07-11 18:00:37,222 | INFO | Outliers clipped.
2026-07-11 18:00:37,367 | INFO | Detected metadata:
2026-07-11 18:00:37,368 | INFO | {
    "columns": {
        "Headlines": {
            "sdtype": "categorical"
        },
        "Time": {
            "sdtype": "datetime"
        },
        "Description": {
            "sdtype": "categorical"
        }
    },
    "METADATA_SPEC_VERSION": "SINGLE_TABLE_V1"
}
2026-07-11 18:00:37,369 | INFO | Metadata detected.
2026-07-11 18:00:37,370 | INFO | Preprocessing complete.
2026-07-11 18:01:03,420 | INFO | Training synthesizer...
2026-07-11 18:01:03,420 | INFO | Creating CTGAN synthesizer...
2026-07-11 18:01:03,465 | INFO | {'EVENT': 'Instance', 'TIMESTAMP': datetime.datetime(2026, 7, 11, 18, 1, 3, 465811), 'SYNTHESIZER CLASS NAME': 'CTGANSynthesizer', 'SYNTHESIZER ID': 'CTGANSynthesizer_1.37.3_560c83fde4774da0bc0b16dbc4df6107'}
2026-07-11 18:01:03,468 | INFO | Training started...
2026-07-11 18:01:03,471 | INFO | {'EVENT': 'Fit', 'TIMESTAMP': datetime.datetime(2026, 7, 11, 18, 1, 3, 471769), 'SYNTHESIZER CLASS NAME': 'CTGANSynthesizer', 'SYNTHESIZER ID': 'CTGANSynthesizer_1.37.3_560c83fde4774da0bc0b16dbc4df6107', 'TOTAL NUMBER OF TABLES': 1, 'TOTAL NUMBER OF ROWS': 32715, 'TOTAL NUMBER OF COLUMNS': 3}
2026-07-11 18:01:06,935 | INFO | Fitting table  metadata
2026-07-11 18:01:06,946 | INFO | Fitting formatters for table 
2026-07-11 18:01:07,032 | INFO | Setting the configuration for the ``HyperTransformer`` for table 
2026-07-11 18:01:07,034 | INFO | Fitting HyperTransformer for table 
2026-07-11 18:01:07,383 | INFO | {'EVENT': 'Fit processed data', 'TIMESTAMP': datetime.datetime(2026, 7, 11, 18, 1, 7, 383136), 'SYNTHESIZER CLASS NAME': 'CTGANSynthesizer', 'SYNTHESIZER ID': 'CTGANSynthesizer_1.37.3_560c83fde4774da0bc0b16dbc4df6107', 'TOTAL NUMBER OF TABLES': 1, 'TOTAL NUMBER OF ROWS': 32715, 'TOTAL NUMBER OF COLUMNS': 3}
2026-07-11 18:01:07,530 | INFO | Guidance: There are no missing values in column Time. Extra column not created.
2026-07-11 18:11:27,027 | INFO | Configuration loaded successfully.
2026-07-11 19:18:54,792 | ERROR | Exception in callback _ProactorBasePipeTransport._call_connection_lost()
handle: <Handle _ProactorBasePipeTransport._call_connection_lost()>
Traceback (most recent call last):
  File "C:\Users\Mayank\AppData\Local\Programs\Python\Python313\Lib\asyncio\events.py", line 89, in _run
    self._context.run(self._callback, *self._args)
    ~~~~~~~~~~~~~~~~~^^^^^^^^^^^^^^^^^^^^^^^^^^^^^
  File "C:\Users\Mayank\AppData\Local\Programs\Python\Python313\Lib\asyncio\proactor_events.py", line 165, in _call_connection_lost
    self._sock.shutdown(socket.SHUT_RDWR)
    ~~~~~~~~~~~~~~~~~~~^^^^^^^^^^^^^^^^^^
ConnectionResetError: [WinError 10054] An existing connection was forcibly closed by the remote host
